<?xml version="1.0" encoding="UTF-8"?>
<testng-results skipped="0" failed="0" ignored="0" total="1" passed="1">
  <reporter-output>
  </reporter-output>
  <suite name="Default suite" duration-ms="35010" started-at="2018-01-14T12:03:12Z" finished-at="2018-01-14T12:03:47Z">
    <groups>
    </groups>
    <test name="Default test" duration-ms="35010" started-at="2018-01-14T12:03:12Z" finished-at="2018-01-14T12:03:47Z">
      <class name="by.artushevskaya.emailtutby.test.MainTest">
        <test-method status="PASS" signature="startBrowser()[pri:0, instance:by.artushevskaya.emailtutby.test.MainTest@27efef64]" name="startBrowser" is-config="true" duration-ms="13849" started-at="2018-01-14T15:03:12Z" finished-at="2018-01-14T15:03:26Z">
          <reporter-output>
          </reporter-output>
        </test-method> <!-- startBrowser -->
        <test-method status="PASS" signature="checkNumberInboxEmails()[pri:0, instance:by.artushevskaya.emailtutby.test.MainTest@27efef64]" name="checkNumberInboxEmails" duration-ms="21123" started-at="2018-01-14T15:03:26Z" finished-at="2018-01-14T15:03:47Z">
          <reporter-output>
          </reporter-output>
        </test-method> <!-- checkNumberInboxEmails -->
      </class> <!-- by.artushevskaya.emailtutby.test.MainTest -->
    </test> <!-- Default test -->
  </suite> <!-- Default suite -->
</testng-results>
